<?xml version="1.0" encoding="UTF-8"?>
<!-- Generated by org.testng.reporters.JUnitReportReporter -->
<testsuite hostname="LAPTOP-1VDRP9K2" failures="0" tests="1" name="cucumberOptions.TestRunner" time="8.246" errors="0" timestamp="2022-12-14T20:07:44 IST" skipped="0">
  <testcase classname="cucumberOptions.TestRunner" name="runScenario" time="8.246"/>
  <system-out/>
</testsuite> <!-- cucumberOptions.TestRunner -->
